<?xml version="1.0" encoding="UTF-8"?>
<testsuite xmlns:xsi="http://www.w3.org/2001/XMLSchema-instance" xsi:noNamespaceSchemaLocation="https://maven.apache.org/surefire/maven-surefire-plugin/xsd/surefire-test-report-3.0.xsd" version="3.0" name="com.ecommerce.order.AllFeaturesTest" time="0.736" tests="9" errors="0" skipped="0" failures="0">
  <properties>
[...]
</properties>
  <testcase name="購買 12 件襪子 - 一組享有折扣，剩餘按原價" classname="雙十一優惠 (Double 11 Promotion)" time="0.308"/>
  <testcase name="購買 27 件襪子 - 兩組享有折扣，剩餘按原價" classname="雙十一優惠 (Double 11 Promotion)" time="0.009"/>
  <testcase name="購買 10 件不同商品 - 無折扣因為非同一種商品" classname="雙十一優惠 (Double 11 Promotion)" time="0.036"/>
  <testcase name="Single product without promotions" classname="E-commerce Order Pricing Promotions" time="0.009"/>
  <testcase name="Threshold discount applies when subtotal reaches 1000" classname="E-commerce Order Pricing Promotions" time="0.007"/>
  <testcase name="Buy-one-get-one for cosmetics - multiple products" classname="E-commerce Order Pricing Promotions" time="0.008"/>
  <testcase name="Buy-one-get-one for cosmetics - same product twice" classname="E-commerce Order Pricing Promotions" time="0.009"/>
  <testcase name="Buy-one-get-one for cosmetics - mixed categories" classname="E-commerce Order Pricing Promotions" time="0.005"/>
  <testcase name="Multiple promotions stacked" classname="E-commerce Order Pricing Promotions" time="0.006"/>
</testsuite>